# JRE version: Java(TM) SE Runtime Environment (8.0_92-b14) (build 1.8.0_92-b14)
# Java VM: Java HotSpot(TM) 64-Bit Server VM (25.92-b14 mixed mode windows-amd64 compressed oops)
Heap:
 PSYoungGen      total 223232K, used 22416K [0x000000078af80000, 0x000000079e500000, 0x00000007c0000000)
  eden space 207872K, 10% used [0x000000078af80000,0x000000078c564078,0x0000000797a80000)
  from space 15360K, 0% used [0x0000000797a80000,0x0000000797a80000,0x0000000798980000)
  to   space 16896K, 0% used [0x000000079d480000,0x000000079d480000,0x000000079e500000)
 ParOldGen       total 103936K, used 20933K [0x0000000720e00000, 0x0000000727380000, 0x000000078af80000)
  object space 103936K, 20% used [0x0000000720e00000,0x0000000722271620,0x0000000727380000)
 Metaspace       used 35158K, capacity 35528K, committed 36008K, reserved 1081344K
  class space    used 4236K, capacity 4337K, committed 4352K, reserved 1048576K
GC Heap History (10 events):
Event: 11.242 GC heap before
{Heap before GC invocations=8 (full 1):
 PSYoungGen      total 142336K, used 141943K [0x000000078af80000, 0x0000000796500000, 0x00000007c0000000)
  eden space 133120K, 100% used [0x000000078af80000,0x0000000793180000,0x0000000793180000)
  from space 9216K, 95% used [0x0000000795c00000,0x000000079649df90,0x0000000796500000)
  to   space 12800K, 0% used [0x0000000794c00000,0x0000000794c00000,0x0000000795880000)
 ParOldGen       total 72704K, used 11822K [0x0000000720e00000, 0x0000000725500000, 0x000000078af80000)
  object space 72704K, 16% used [0x0000000720e00000,0x000000072198b928,0x0000000725500000)
 Metaspace       used 34487K, capacity 34870K, committed 35328K, reserved 1081344K
  class space    used 4159K, capacity 4269K, committed 4352K, reserved 1048576K
Event: 11.262 GC heap after
Heap after GC invocations=8 (full 1):
 PSYoungGen      total 173056K, used 12797K [0x000000078af80000, 0x0000000799880000, 0x00000007c0000000)
  eden space 160256K, 0% used [0x000000078af80000,0x000000078af80000,0x0000000794c00000)
  from space 12800K, 99% used [0x0000000794c00000,0x000000079587f7e8,0x0000000795880000)
  to   space 15360K, 0% used [0x0000000798980000,0x0000000798980000,0x0000000799880000)
 ParOldGen       total 72704K, used 14386K [0x0000000720e00000, 0x0000000725500000, 0x000000078af80000)
  object space 72704K, 19% used [0x0000000720e00000,0x0000000721c0c8c8,0x0000000725500000)
 Metaspace       used 34487K, capacity 34870K, committed 35328K, reserved 1081344K
  class space    used 4159K, capacity 4269K, committed 4352K, reserved 1048576K
}
Event: 14.327 GC heap before
{Heap before GC invocations=9 (full 1):
 PSYoungGen      total 173056K, used 18260K [0x000000078af80000, 0x0000000799880000, 0x00000007c0000000)
  eden space 160256K, 3% used [0x000000078af80000,0x000000078b4d5a88,0x0000000794c00000)
  from space 12800K, 99% used [0x0000000794c00000,0x000000079587f7e8,0x0000000795880000)
  to   space 15360K, 0% used [0x0000000798980000,0x0000000798980000,0x0000000799880000)
 ParOldGen       total 72704K, used 14386K [0x0000000720e00000, 0x0000000725500000, 0x000000078af80000)
  object space 72704K, 19% used [0x0000000720e00000,0x0000000721c0c8c8,0x0000000725500000)
 Metaspace       used 34800K, capacity 35158K, committed 35496K, reserved 1081344K
  class space    used 4193K, capacity 4301K, committed 4352K, reserved 1048576K
Event: 14.343 GC heap after
Heap after GC invocations=9 (full 1):
 PSYoungGen      total 223232K, used 12106K [0x000000078af80000, 0x000000079ba00000, 0x00000007c0000000)
  eden space 207872K, 0% used [0x000000078af80000,0x000000078af80000,0x0000000797a80000)
  from space 15360K, 78% used [0x0000000798980000,0x0000000799552940,0x0000000799880000)
  to   space 15360K, 0% used [0x0000000797a80000,0x0000000797a80000,0x0000000798980000)
 ParOldGen       total 72704K, used 14394K [0x0000000720e00000, 0x0000000725500000, 0x000000078af80000)
  object space 72704K, 19% used [0x0000000720e00000,0x0000000721c0e8c8,0x0000000725500000)
 Metaspace       used 34800K, capacity 35158K, committed 35496K, reserved 1081344K
  class space    used 4193K, capacity 4301K, committed 4352K, reserved 1048576K
}
Event: 14.343 GC heap before
{Heap before GC invocations=10 (full 2):
 PSYoungGen      total 223232K, used 12106K [0x000000078af80000, 0x000000079ba00000, 0x00000007c0000000)
  eden space 207872K, 0% used [0x000000078af80000,0x000000078af80000,0x0000000797a80000)
  from space 15360K, 78% used [0x0000000798980000,0x0000000799552940,0x0000000799880000)
  to   space 15360K, 0% used [0x0000000797a80000,0x0000000797a80000,0x0000000798980000)
 ParOldGen       total 72704K, used 14394K [0x0000000720e00000, 0x0000000725500000, 0x000000078af80000)
  object space 72704K, 19% used [0x0000000720e00000,0x0000000721c0e8c8,0x0000000725500000)
 Metaspace       used 34800K, capacity 35158K, committed 35496K, reserved 1081344K
  class space    used 4193K, capacity 4301K, committed 4352K, reserved 1048576K
Event: 14.410 GC heap after
Heap after GC invocations=10 (full 2):
 PSYoungGen      total 223232K, used 0K [0x000000078af80000, 0x000000079ba00000, 0x00000007c0000000)
  eden space 207872K, 0% used [0x000000078af80000,0x000000078af80000,0x0000000797a80000)
  from space 15360K, 0% used [0x0000000798980000,0x0000000798980000,0x0000000799880000)
  to   space 15360K, 0% used [0x0000000797a80000,0x0000000797a80000,0x0000000798980000)
 ParOldGen       total 103936K, used 20957K [0x0000000720e00000, 0x0000000727380000, 0x000000078af80000)
  object space 103936K, 20% used [0x0000000720e00000,0x00000007222774a8,0x0000000727380000)
 Metaspace       used 34800K, capacity 35158K, committed 35496K, reserved 1081344K
  class space    used 4193K, capacity 4301K, committed 4352K, reserved 1048576K
}
Event: 74.040 GC heap before
{Heap before GC invocations=11 (full 2):
 PSYoungGen      total 223232K, used 20862K [0x000000078af80000, 0x000000079ba00000, 0x00000007c0000000)
  eden space 207872K, 10% used [0x000000078af80000,0x000000078c3df940,0x0000000797a80000)
  from space 15360K, 0% used [0x0000000798980000,0x0000000798980000,0x0000000799880000)
  to   space 15360K, 0% used [0x0000000797a80000,0x0000000797a80000,0x0000000798980000)
 ParOldGen       total 103936K, used 20957K [0x0000000720e00000, 0x0000000727380000, 0x000000078af80000)
  object space 103936K, 20% used [0x0000000720e00000,0x00000007222774a8,0x0000000727380000)
 Metaspace       used 35116K, capacity 35458K, committed 35752K, reserved 1081344K
  class space    used 4235K, capacity 4335K, committed 4352K, reserved 1048576K
Event: 74.075 GC heap after
Heap after GC invocations=11 (full 2):
 PSYoungGen      total 223232K, used 544K [0x000000078af80000, 0x000000079e500000, 0x00000007c0000000)
  eden space 207872K, 0% used [0x000000078af80000,0x000000078af80000,0x0000000797a80000)
  from space 15360K, 3% used [0x0000000797a80000,0x0000000797b083b8,0x0000000798980000)
  to   space 16896K, 0% used [0x000000079d480000,0x000000079d480000,0x000000079e500000)
 ParOldGen       total 103936K, used 20965K [0x0000000720e00000, 0x0000000727380000, 0x000000078af80000)
  object space 103936K, 20% used [0x0000000720e00000,0x00000007222794a8,0x0000000727380000)
 Metaspace       used 35116K, capacity 35458K, committed 35752K, reserved 1081344K
  class space    used 4235K, capacity 4335K, committed 4352K, reserved 1048576K
}
Event: 74.075 GC heap before
{Heap before GC invocations=12 (full 3):
 PSYoungGen      total 223232K, used 544K [0x000000078af80000, 0x000000079e500000, 0x00000007c0000000)
  eden space 207872K, 0% used [0x000000078af80000,0x000000078af80000,0x0000000797a80000)
  from space 15360K, 3% used [0x0000000797a80000,0x0000000797b083b8,0x0000000798980000)
  to   space 16896K, 0% used [0x000000079d480000,0x000000079d480000,0x000000079e500000)
 ParOldGen       total 103936K, used 20965K [0x0000000720e00000, 0x0000000727380000, 0x000000078af80000)
  object space 103936K, 20% used [0x0000000720e00000,0x00000007222794a8,0x0000000727380000)
 Metaspace       used 35116K, capacity 35458K, committed 35752K, reserved 1081344K
  class space    used 4235K, capacity 4335K, committed 4352K, reserved 1048576K
Event: 74.355 GC heap after
Heap after GC invocations=12 (full 3):
 PSYoungGen      total 223232K, used 0K [0x000000078af80000, 0x000000079e500000, 0x00000007c0000000)
  eden space 207872K, 0% used [0x000000078af80000,0x000000078af80000,0x0000000797a80000)
  from space 15360K, 0% used [0x0000000797a80000,0x0000000797a80000,0x0000000798980000)
  to   space 16896K, 0% used [0x000000079d480000,0x000000079d480000,0x000000079e500000)
 ParOldGen       total 103936K, used 20933K [0x0000000720e00000, 0x0000000727380000, 0x000000078af80000)
  object space 103936K, 20% used [0x0000000720e00000,0x0000000722271620,0x0000000727380000)
 Metaspace       used 35116K, capacity 35458K, committed 35752K, reserved 1081344K
  class space    used 4235K, capacity 4335K, committed 4352K, reserved 1048576K
}

