# JRE version: Java(TM) SE Runtime Environment (8.0_92-b14) (build 1.8.0_92-b14)
# Java VM: Java HotSpot(TM) 64-Bit Server VM (25.92-b14 mixed mode windows-amd64 compressed oops)
Heap:
 PSYoungGen      total 253440K, used 18616K [0x000000078af80000, 0x000000079f780000, 0x00000007c0000000)
  eden space 236544K, 5% used [0x000000078af80000,0x000000078bbdef30,0x0000000799680000)
  from space 16896K, 35% used [0x0000000799680000,0x0000000799c4f3c0,0x000000079a700000)
  to   space 16896K, 0% used [0x000000079e700000,0x000000079e700000,0x000000079f780000)
 ParOldGen       total 116736K, used 23160K [0x0000000720e00000, 0x0000000728000000, 0x000000078af80000)
  object space 116736K, 19% used [0x0000000720e00000,0x000000072249e068,0x0000000728000000)
 Metaspace       used 36274K, capacity 36842K, committed 37160K, reserved 1081344K
  class space    used 4317K, capacity 4412K, committed 4480K, reserved 1048576K
GC Heap History (10 events):
Event: 19.722 GC heap before
{Heap before GC invocations=11 (full 2):
 PSYoungGen      total 194560K, used 8960K [0x000000078af80000, 0x000000079a900000, 0x00000007c0000000)
  eden space 179200K, 5% used [0x000000078af80000,0x000000078b8402e0,0x0000000795e80000)
  from space 15360K, 0% used [0x0000000796d80000,0x0000000796d80000,0x0000000797c80000)
  to   space 15360K, 0% used [0x0000000795e80000,0x0000000795e80000,0x0000000796d80000)
 ParOldGen       total 116736K, used 21299K [0x0000000720e00000, 0x0000000728000000, 0x000000078af80000)
  object space 116736K, 18% used [0x0000000720e00000,0x00000007222ccd78,0x0000000728000000)
 Metaspace       used 35056K, capacity 35446K, committed 35752K, reserved 1081344K
  class space    used 4234K, capacity 4333K, committed 4352K, reserved 1048576K
Event: 19.723 GC heap after
Heap after GC invocations=11 (full 2):
 PSYoungGen      total 194560K, used 450K [0x000000078af80000, 0x000000079b780000, 0x00000007c0000000)
  eden space 179200K, 0% used [0x000000078af80000,0x000000078af80000,0x0000000795e80000)
  from space 15360K, 2% used [0x0000000795e80000,0x0000000795ef09e0,0x0000000796d80000)
  to   space 16896K, 0% used [0x000000079a700000,0x000000079a700000,0x000000079b780000)
 ParOldGen       total 116736K, used 21299K [0x0000000720e00000, 0x0000000728000000, 0x000000078af80000)
  object space 116736K, 18% used [0x0000000720e00000,0x00000007222ccd78,0x0000000728000000)
 Metaspace       used 35056K, capacity 35446K, committed 35752K, reserved 1081344K
  class space    used 4234K, capacity 4333K, committed 4352K, reserved 1048576K
}
Event: 19.723 GC heap before
{Heap before GC invocations=12 (full 3):
 PSYoungGen      total 194560K, used 450K [0x000000078af80000, 0x000000079b780000, 0x00000007c0000000)
  eden space 179200K, 0% used [0x000000078af80000,0x000000078af80000,0x0000000795e80000)
  from space 15360K, 2% used [0x0000000795e80000,0x0000000795ef09e0,0x0000000796d80000)
  to   space 16896K, 0% used [0x000000079a700000,0x000000079a700000,0x000000079b780000)
 ParOldGen       total 116736K, used 21299K [0x0000000720e00000, 0x0000000728000000, 0x000000078af80000)
  object space 116736K, 18% used [0x0000000720e00000,0x00000007222ccd78,0x0000000728000000)
 Metaspace       used 35056K, capacity 35446K, committed 35752K, reserved 1081344K
  class space    used 4234K, capacity 4333K, committed 4352K, reserved 1048576K
Event: 19.891 GC heap after
Heap after GC invocations=12 (full 3):
 PSYoungGen      total 194560K, used 0K [0x000000078af80000, 0x000000079b780000, 0x00000007c0000000)
  eden space 179200K, 0% used [0x000000078af80000,0x000000078af80000,0x0000000795e80000)
  from space 15360K, 0% used [0x0000000795e80000,0x0000000795e80000,0x0000000796d80000)
  to   space 16896K, 0% used [0x000000079a700000,0x000000079a700000,0x000000079b780000)
 ParOldGen       total 116736K, used 20923K [0x0000000720e00000, 0x0000000728000000, 0x000000078af80000)
  object space 116736K, 17% used [0x0000000720e00000,0x000000072226eec0,0x0000000728000000)
 Metaspace       used 35056K, capacity 35446K, committed 35752K, reserved 1081344K
  class space    used 4234K, capacity 4333K, committed 4352K, reserved 1048576K
}
Event: 26.033 GC heap before
{Heap before GC invocations=13 (full 3):
 PSYoungGen      total 194560K, used 157475K [0x000000078af80000, 0x000000079b780000, 0x00000007c0000000)
  eden space 179200K, 87% used [0x000000078af80000,0x0000000794948e80,0x0000000795e80000)
  from space 15360K, 0% used [0x0000000795e80000,0x0000000795e80000,0x0000000796d80000)
  to   space 16896K, 0% used [0x000000079a700000,0x000000079a700000,0x000000079b780000)
 ParOldGen       total 116736K, used 20923K [0x0000000720e00000, 0x0000000728000000, 0x000000078af80000)
  object space 116736K, 17% used [0x0000000720e00000,0x000000072226eec0,0x0000000728000000)
 Metaspace       used 35786K, capacity 36248K, committed 36648K, reserved 1081344K
  class space    used 4301K, capacity 4393K, committed 4480K, reserved 1048576K
Event: 26.036 GC heap after
Heap after GC invocations=13 (full 3):
 PSYoungGen      total 253440K, used 4300K [0x000000078af80000, 0x000000079b780000, 0x00000007c0000000)
  eden space 236544K, 0% used [0x000000078af80000,0x000000078af80000,0x0000000799680000)
  from space 16896K, 25% used [0x000000079a700000,0x000000079ab333b0,0x000000079b780000)
  to   space 16896K, 0% used [0x0000000799680000,0x0000000799680000,0x000000079a700000)
 ParOldGen       total 116736K, used 20931K [0x0000000720e00000, 0x0000000728000000, 0x000000078af80000)
  object space 116736K, 17% used [0x0000000720e00000,0x0000000722270ec0,0x0000000728000000)
 Metaspace       used 35786K, capacity 36248K, committed 36648K, reserved 1081344K
  class space    used 4301K, capacity 4393K, committed 4480K, reserved 1048576K
}
Event: 26.036 GC heap before
{Heap before GC invocations=14 (full 4):
 PSYoungGen      total 253440K, used 4300K [0x000000078af80000, 0x000000079b780000, 0x00000007c0000000)
  eden space 236544K, 0% used [0x000000078af80000,0x000000078af80000,0x0000000799680000)
  from space 16896K, 25% used [0x000000079a700000,0x000000079ab333b0,0x000000079b780000)
  to   space 16896K, 0% used [0x0000000799680000,0x0000000799680000,0x000000079a700000)
 ParOldGen       total 116736K, used 20931K [0x0000000720e00000, 0x0000000728000000, 0x000000078af80000)
  object space 116736K, 17% used [0x0000000720e00000,0x0000000722270ec0,0x0000000728000000)
 Metaspace       used 35786K, capacity 36248K, committed 36648K, reserved 1081344K
  class space    used 4301K, capacity 4393K, committed 4480K, reserved 1048576K
Event: 26.541 GC heap after
Heap after GC invocations=14 (full 4):
 PSYoungGen      total 253440K, used 0K [0x000000078af80000, 0x000000079b780000, 0x00000007c0000000)
  eden space 236544K, 0% used [0x000000078af80000,0x000000078af80000,0x0000000799680000)
  from space 16896K, 0% used [0x000000079a700000,0x000000079a700000,0x000000079b780000)
  to   space 16896K, 0% used [0x0000000799680000,0x0000000799680000,0x000000079a700000)
 ParOldGen       total 116736K, used 23152K [0x0000000720e00000, 0x0000000728000000, 0x000000078af80000)
  object space 116736K, 19% used [0x0000000720e00000,0x000000072249c068,0x0000000728000000)
 Metaspace       used 35783K, capacity 36242K, committed 36648K, reserved 1081344K
  class space    used 4300K, capacity 4391K, committed 4480K, reserved 1048576K
}
Event: 106.590 GC heap before
{Heap before GC invocations=15 (full 4):
 PSYoungGen      total 253440K, used 236544K [0x000000078af80000, 0x000000079b780000, 0x00000007c0000000)
  eden space 236544K, 100% used [0x000000078af80000,0x0000000799680000,0x0000000799680000)
  from space 16896K, 0% used [0x000000079a700000,0x000000079a700000,0x000000079b780000)
  to   space 16896K, 0% used [0x0000000799680000,0x0000000799680000,0x000000079a700000)
 ParOldGen       total 116736K, used 23152K [0x0000000720e00000, 0x0000000728000000, 0x000000078af80000)
  object space 116736K, 19% used [0x0000000720e00000,0x000000072249c068,0x0000000728000000)
 Metaspace       used 36263K, capacity 36842K, committed 37160K, reserved 1081344K
  class space    used 4317K, capacity 4412K, committed 4480K, reserved 1048576K
Event: 106.599 GC heap after
Heap after GC invocations=15 (full 4):
 PSYoungGen      total 253440K, used 5948K [0x000000078af80000, 0x000000079f780000, 0x00000007c0000000)
  eden space 236544K, 0% used [0x000000078af80000,0x000000078af80000,0x0000000799680000)
  from space 16896K, 35% used [0x0000000799680000,0x0000000799c4f3c0,0x000000079a700000)
  to   space 16896K, 0% used [0x000000079e700000,0x000000079e700000,0x000000079f780000)
 ParOldGen       total 116736K, used 23160K [0x0000000720e00000, 0x0000000728000000, 0x000000078af80000)
  object space 116736K, 19% used [0x0000000720e00000,0x000000072249e068,0x0000000728000000)
 Metaspace       used 36263K, capacity 36842K, committed 37160K, reserved 1081344K
  class space    used 4317K, capacity 4412K, committed 4480K, reserved 1048576K
}

